<?xml version="1.0" encoding="UTF-8"?>
<!-- Generated by org.testng.reporters.JUnitReportReporter -->
<testsuite hostname="LAPTOP-SGA5HP6D" failures="0" tests="4" name="tests.AddingProductToCart" time="76.582" errors="0" timestamp="2021-06-18T06:40:22 CEST" skipped="0">
  <testcase classname="tests.AddingProductToCart" name="addOneItem" time="14.583"/>
  <system-out/>
  <testcase classname="tests.AddingProductToCart" name="removeItemFromCart" time="22.040"/>
  <system-out/>
  <testcase classname="tests.AddingProductToCart" name="changeSizeQuantity" time="17.168"/>
  <system-out/>
  <testcase classname="tests.AddingProductToCart" name="addMultupleItemsToCart" time="22.791"/>
  <system-out/>
</testsuite> <!-- tests.AddingProductToCart -->
