<?xml version="1.0" encoding="UTF-8"?>
<!-- Generated by org.testng.reporters.JUnitReportReporter -->
<testsuite hostname="LAPTOP-SGA5HP6D" failures="0" tests="1" name="tests.AddingProductToCart" time="25.400" errors="0" timestamp="2021-06-15T21:04:30 CEST" skipped="0">
  <testcase classname="tests.AddingProductToCart" name="addMultupleItemsToCart" time="25.400"/>
  <system-out/>
</testsuite> <!-- tests.AddingProductToCart -->
