<?xml version="1.0" encoding="UTF-8"?>
<!-- Generated by org.testng.reporters.JUnitReportReporter -->
<testsuite hostname="LAPTOP-SGA5HP6D" failures="0" tests="5" name="tests.LogInTests" time="65.747" errors="0" timestamp="2021-06-10T21:37:15 CEST" skipped="0">
  <testcase classname="tests.LogInTests" name="logInValidCredentials" time="11.046"/>
  <system-out/>
  <testcase classname="tests.LogInTests" name="logInInvalidEmailCredentials" time="10.203"/>
  <system-out/>
  <testcase classname="tests.LogInTests" name="logInInvalidPasswordCredentials" time="11.000"/>
  <system-out/>
  <testcase classname="tests.LogInTests" name="logInEmptyCredentials" time="15.059"/>
  <system-out/>
  <testcase classname="tests.LogInTests" name="logOut" time="18.439"/>
  <system-out/>
</testsuite> <!-- tests.LogInTests -->
