<?xml version="1.0" encoding="UTF-8"?>
<!-- Generated by org.testng.reporters.JUnitReportReporter -->
<testsuite hostname="LAPTOP-SGA5HP6D" failures="0" tests="1" name="tests.Proba" time="28.978" errors="0" timestamp="2021-06-10T11:19:02 CEST" skipped="0">
  <testcase classname="tests.Proba" name="test" time="28.978"/>
  <system-out/>
</testsuite> <!-- tests.Proba -->
