<?xml version="1.0" encoding="UTF-8"?>
<!-- Generated by org.testng.reporters.JUnitReportReporter -->
<testsuite hostname="LAPTOP-SGA5HP6D" failures="0" tests="1" name="tests.LogInAndLogOutTests" time="12.884" errors="0" timestamp="2021-06-18T06:24:28 CEST" skipped="0">
  <testcase classname="tests.LogInAndLogOutTests" name="forgotYourPassword" time="12.884"/>
  <system-out/>
</testsuite> <!-- tests.LogInAndLogOutTests -->
