<?xml version="1.0" encoding="UTF-8"?>
<!-- Generated by org.testng.reporters.JUnitReportReporter -->
<testsuite hostname="LAPTOP-SGA5HP6D" failures="0" tests="1" name="tests.EditPersonalInfo" time="21.491" errors="0" timestamp="2021-06-13T15:51:41 CEST" skipped="0">
  <testcase classname="tests.EditPersonalInfo" name="updatePersonalInfoEmptyFileds" time="21.491"/>
  <system-out/>
</testsuite> <!-- tests.EditPersonalInfo -->
