<?xml version="1.0" encoding="UTF-8"?>
<!-- Generated by org.testng.reporters.JUnitReportReporter -->
<testsuite hostname="LAPTOP-SGA5HP6D" failures="0" tests="2" name="tests.RegistrationTests" time="23.969" errors="0" timestamp="2021-06-18T06:49:42 CEST" skipped="0">
  <testcase classname="tests.RegistrationTests" name="createAccountEmptyEmailField" time="9.464"/>
  <system-out/>
  <testcase classname="tests.RegistrationTests" name="createAccountEmptyPersonalFields" time="14.505"/>
  <system-out/>
</testsuite> <!-- tests.RegistrationTests -->
