<?xml version="1.0" encoding="UTF-8"?>
<!-- Generated by org.testng.reporters.JUnitReportReporter -->
<testsuite hostname="LAPTOP-SGA5HP6D" failures="0" tests="3" name="tests.LogInAndLogOutTests" time="26.635" errors="0" timestamp="2021-06-11T17:42:35 CEST" skipped="0">
  <testcase classname="tests.LogInAndLogOutTests" name="logInCorrectEmailPassword" time="6.194"/>
  <system-out/>
  <testcase classname="tests.LogInAndLogOutTests" name="logOutOnSignOutButton" time="14.822"/>
  <system-out/>
  <testcase classname="tests.LogInAndLogOutTests" name="logOutOnBackButton" time="5.619"/>
  <system-out/>
</testsuite> <!-- tests.LogInAndLogOutTests -->
