<?xml version="1.0" encoding="UTF-8"?>
<!-- Generated by org.testng.reporters.JUnitReportReporter -->
<testsuite hostname="LAPTOP-SGA5HP6D" failures="0" tests="1" name="tests.Wishlist" time="39.310" errors="0" timestamp="2021-06-18T05:59:23 CEST" skipped="0">
  <testcase classname="tests.Wishlist" name="deleteWishlist" time="39.310"/>
  <system-out/>
</testsuite> <!-- tests.Wishlist -->
